<?xml version="1.0" encoding="UTF-8"?>
<coverage generated="1730922189944" clover="3.2.0">
  <project timestamp="1730922189944" name="All files">
    <metrics statements="19" coveredstatements="5" conditionals="8" coveredconditionals="0" methods="7" coveredmethods="3" elements="34" coveredelements="8" complexity="0" loc="19" ncloc="19" packages="1" files="1" classes="1"/>
    <file name="questionPage.js" path="/Users/faybennett/Desktop/portfolio/Dissertation/scripts/questionPage.js">
      <metrics statements="19" coveredstatements="5" conditionals="8" coveredconditionals="0" methods="7" coveredmethods="3"/>
      <line num="2" count="1" type="stmt"/>
      <line num="6" count="1" type="stmt"/>
      <line num="10" count="0" type="stmt"/>
      <line num="11" count="0" type="stmt"/>
      <line num="13" count="0" type="stmt"/>
      <line num="15" count="0" type="stmt"/>
      <line num="16" count="0" type="stmt"/>
      <line num="17" count="0" type="cond" truecount="0" falsecount="2"/>
      <line num="19" count="0" type="cond" truecount="0" falsecount="2"/>
      <line num="20" count="0" type="stmt"/>
      <line num="21" count="0" type="cond" truecount="0" falsecount="2"/>
      <line num="22" count="0" type="stmt"/>
      <line num="24" count="0" type="stmt"/>
      <line num="31" count="2" type="stmt"/>
      <line num="32" count="2" type="stmt"/>
      <line num="36" count="0" type="cond" truecount="0" falsecount="2"/>
      <line num="37" count="0" type="stmt"/>
      <line num="43" count="0" type="stmt"/>
      <line num="46" count="1" type="stmt"/>
    </file>
  </project>
</coverage>
