{"/Users/faybennett/Desktop/portfolio/Dissertation/scripts/questionPage.js": {"path":"/Users/faybennett/Desktop/portfolio/Dissertation/scripts/questionPage.js","statementMap":{"0":{"start":{"line":2,"column":4},"end":{"line":2,"column":61}},"1":{"start":{"line":6,"column":4},"end":{"line":6,"column":60}},"2":{"start":{"line":10,"column":24},"end":{"line":10,"column":90}},"3":{"start":{"line":11,"column":4},"end":{"line":11,"column":46}},"4":{"start":{"line":13,"column":20},"end":{"line":13,"column":66}},"5":{"start":{"line":15,"column":4},"end":{"line":27,"column":7}},"6":{"start":{"line":16,"column":29},"end":{"line":16,"column":58}},"7":{"start":{"line":17,"column":8},"end":{"line":17,"column":89}},"8":{"start":{"line":19,"column":8},"end":{"line":26,"column":9}},"9":{"start":{"line":20,"column":26},"end":{"line":20,"column":62}},"10":{"start":{"line":21,"column":12},"end":{"line":25,"column":13}},"11":{"start":{"line":22,"column":16},"end":{"line":22,"column":42}},"12":{"start":{"line":24,"column":16},"end":{"line":24,"column":46}},"13":{"start":{"line":31,"column":23},"end":{"line":31,"column":97}},"14":{"start":{"line":32,"column":4},"end":{"line":32,"column":33}},"15":{"start":{"line":36,"column":4},"end":{"line":39,"column":5}},"16":{"start":{"line":37,"column":8},"end":{"line":37,"column":26}},"17":{"start":{"line":43,"column":4},"end":{"line":43,"column":40}},"18":{"start":{"line":46,"column":0},"end":{"line":53,"column":2}}},"fnMap":{"0":{"name":"openOptions","decl":{"start":{"line":1,"column":9},"end":{"line":1,"column":20}},"loc":{"start":{"line":1,"column":23},"end":{"line":3,"column":1}},"line":1},"1":{"name":"closePopup","decl":{"start":{"line":5,"column":9},"end":{"line":5,"column":19}},"loc":{"start":{"line":5,"column":22},"end":{"line":7,"column":1}},"line":5},"2":{"name":"filterOptions","decl":{"start":{"line":9,"column":9},"end":{"line":9,"column":22}},"loc":{"start":{"line":9,"column":25},"end":{"line":28,"column":1}},"line":9},"3":{"name":"(anonymous_3)","decl":{"start":{"line":15,"column":20},"end":{"line":15,"column":21}},"loc":{"start":{"line":15,"column":30},"end":{"line":27,"column":5}},"line":15},"4":{"name":"optionSelected","decl":{"start":{"line":30,"column":9},"end":{"line":30,"column":23}},"loc":{"start":{"line":30,"column":26},"end":{"line":33,"column":1}},"line":30},"5":{"name":"startQuiz","decl":{"start":{"line":35,"column":9},"end":{"line":35,"column":18}},"loc":{"start":{"line":35,"column":21},"end":{"line":40,"column":1}},"line":35},"6":{"name":"nothingSelected","decl":{"start":{"line":42,"column":9},"end":{"line":42,"column":24}},"loc":{"start":{"line":42,"column":27},"end":{"line":44,"column":1}},"line":42}},"branchMap":{"0":{"loc":{"start":{"line":17,"column":37},"end":{"line":17,"column":87}},"type":"cond-expr","locations":[{"start":{"line":17,"column":52},"end":{"line":17,"column":74}},{"start":{"line":17,"column":77},"end":{"line":17,"column":87}}],"line":17},"1":{"loc":{"start":{"line":19,"column":8},"end":{"line":26,"column":9}},"type":"if","locations":[{"start":{"line":19,"column":8},"end":{"line":26,"column":9}},{"start":{},"end":{}}],"line":19},"2":{"loc":{"start":{"line":21,"column":12},"end":{"line":25,"column":13}},"type":"if","locations":[{"start":{"line":21,"column":12},"end":{"line":25,"column":13}},{"start":{"line":23,"column":19},"end":{"line":25,"column":13}}],"line":21},"3":{"loc":{"start":{"line":36,"column":4},"end":{"line":39,"column":5}},"type":"if","locations":[{"start":{"line":36,"column":4},"end":{"line":39,"column":5}},{"start":{"line":38,"column":11},"end":{"line":39,"column":5}}],"line":36}},"s":{"0":1,"1":1,"2":0,"3":0,"4":0,"5":0,"6":0,"7":0,"8":0,"9":0,"10":0,"11":0,"12":0,"13":2,"14":2,"15":0,"16":0,"17":0,"18":1},"f":{"0":1,"1":1,"2":0,"3":0,"4":2,"5":0,"6":0},"b":{"0":[0,0],"1":[0,0],"2":[0,0],"3":[0,0]},"_coverageSchema":"1a1c01bbd47fc00a2c39e90264f33305004495a9","hash":"0b153cfe774e5319f7909fc09ef0308f6aa71b1c"}
}
