TN:
SF:scripts/questionPage.js
FN:1,openOptions
FN:5,closePopup
FN:9,filterOptions
FN:15,(anonymous_3)
FN:30,optionSelected
FN:35,startQuiz
FN:42,nothingSelected
FNF:7
FNH:3
FNDA:1,openOptions
FNDA:1,closePopup
FNDA:0,filterOptions
FNDA:0,(anonymous_3)
FNDA:2,optionSelected
FNDA:0,startQuiz
FNDA:0,nothingSelected
DA:2,1
DA:6,1
DA:10,0
DA:11,0
DA:13,0
DA:15,0
DA:16,0
DA:17,0
DA:19,0
DA:20,0
DA:21,0
DA:22,0
DA:24,0
DA:31,2
DA:32,2
DA:36,0
DA:37,0
DA:43,0
DA:46,1
LF:19
LH:5
BRDA:17,0,0,0
BRDA:17,0,1,0
BRDA:19,1,0,0
BRDA:19,1,1,0
BRDA:21,2,0,0
BRDA:21,2,1,0
BRDA:36,3,0,0
BRDA:36,3,1,0
BRF:8
BRH:0
end_of_record
